Using pre-set license
Built from '2020.3/staging' branch; Version is '2020.3.9f1 (108be757e447) revision 1084391'; Using compiler version '192528614'; Build Type 'Release'
OS: 'Windows 10 Home; OS build 19042.1110; Version 2009; 64bit' Language: 'es' Physical Memory: 32647 MB
BatchMode: 1, IsHumanControllingUs: 0, StartBugReporterOnCrash: 0, Is64bit: 1, IsPro: 0

 COMMAND LINE ARGUMENTS:
C:\Program Files\Unity\Hub\Editor\2020.3.9f1\Editor\Unity.exe
-adb2
-batchMode
-noUpm
-name
AssetImportWorker0
-projectPath
D:/GAMEDEV/Unity/Github/Spaceship-survival/Spaceship-Survival
-logFile
Logs/AssetImportWorker0.log
-srvPort
58813
Successfully changed project path to: D:/GAMEDEV/Unity/Github/Spaceship-survival/Spaceship-Survival
D:/GAMEDEV/Unity/Github/Spaceship-survival/Spaceship-Survival
Using Asset Import Pipeline V2.
Refreshing native plugins compatible for Editor in 39.77 ms, found 1 plugins.
Preloading 0 native plugins for Editor in 0.00 ms.
Initialize engine version: 2020.3.9f1 (108be757e447)
[Subsystems] Discovering subsystems at path C:/Program Files/Unity/Hub/Editor/2020.3.9f1/Editor/Data/Resources/UnitySubsystems
[Subsystems] Discovering subsystems at path D:/GAMEDEV/Unity/Github/Spaceship-survival/Spaceship-Survival/Assets
GfxDevice: creating device client; threaded=0
Direct3D:
    Version:  Direct3D 11.0 [level 11.1]
    Renderer: NVIDIA GeForce GTX 1070 (ID=0x1be1)
    Vendor:   
    VRAM:     8082 MB
    Driver:   27.21.14.6172
Initialize mono
Mono path[0] = 'C:/Program Files/Unity/Hub/Editor/2020.3.9f1/Editor/Data/Managed'
Mono path[1] = 'C:/Program Files/Unity/Hub/Editor/2020.3.9f1/Editor/Data/MonoBleedingEdge/lib/mono/unityjit'
Mono config path = 'C:/Program Files/Unity/Hub/Editor/2020.3.9f1/Editor/Data/MonoBleedingEdge/etc'
Using monoOptions --debugger-agent=transport=dt_socket,embedding=1,server=y,suspend=n,address=127.0.0.1:56940
Begin MonoManager ReloadAssembly
Registering precompiled unity dll's ...
Register platform support module: C:/Program Files/Unity/Hub/Editor/2020.3.9f1/Editor/Data/PlaybackEngines/WindowsStandaloneSupport/UnityEditor.WindowsStandalone.Extensions.dll
Registered in 0.002578 seconds.
Native extension for WindowsStandalone target not found
Refreshing native plugins compatible for Editor in 40.63 ms, found 1 plugins.
Preloading 0 native plugins for Editor in 0.00 ms.
Mono: successfully reloaded assembly
- Completed reload, in  1.161 seconds
Platform modules already initialized, skipping
Registering precompiled user dll's ...
Registered in 0.001038 seconds.
Begin MonoManager ReloadAssembly
Native extension for WindowsStandalone target not found
Refreshing native plugins compatible for Editor in 51.88 ms, found 1 plugins.
Preloading 0 native plugins for Editor in 0.00 ms.
Mono: successfully reloaded assembly
- Completed reload, in  1.265 seconds
Platform modules already initialized, skipping
========================================================================
Worker process is ready to serve import requests
Launched and connected shader compiler UnityShaderCompiler.exe after 0.05 seconds
Refreshing native plugins compatible for Editor in 0.34 ms, found 1 plugins.
Preloading 0 native plugins for Editor in 0.00 ms.
Unloading 1920 Unused Serialized files (Serialized files now loaded: 0)
System memory in use before: 88.3 MB.
System memory in use after: 88.6 MB.

Unloading 19 unused Assets to reduce memory usage. Loaded Objects now: 2367.
Total: 2.131800 ms (FindLiveObjects: 0.177500 ms CreateObjectMapping: 0.073000 ms MarkObjects: 1.775200 ms  DeleteObjects: 0.105200 ms)

========================================================================
Received Import Request.
  path: Assets/Art
  artifactKey: Guid(2a6c4eccdd95cb440b3f6f84023442a6) Importer(815301076,1909f56bfc062723c751e8b465ee728b)
Start importing Assets/Art using Guid(2a6c4eccdd95cb440b3f6f84023442a6) Importer(815301076,1909f56bfc062723c751e8b465ee728b)  -> (artifact id: 'b0090664cb4c4fb697890fea032f9758') in 0.011059 seconds
  Import took 0.013860 seconds .

========================================================================
Received Import Request.
  Time since last request: 1.921649 seconds.
  path: Assets/Art/Characters
  artifactKey: Guid(792205db43ad45d4a915acdd30bbbf50) Importer(815301076,1909f56bfc062723c751e8b465ee728b)
Start importing Assets/Art/Characters using Guid(792205db43ad45d4a915acdd30bbbf50) Importer(815301076,1909f56bfc062723c751e8b465ee728b)  -> (artifact id: '6311b7052f352e45e58d894b312cc883') in 0.007615 seconds
  Import took 0.011183 seconds .

========================================================================
Received Import Request.
  Time since last request: 5.611630 seconds.
  path: Assets/Art/Characters/Player
  artifactKey: Guid(d4e0add2d31d1bf4795979d362818ea4) Importer(815301076,1909f56bfc062723c751e8b465ee728b)
Start importing Assets/Art/Characters/Player using Guid(d4e0add2d31d1bf4795979d362818ea4) Importer(815301076,1909f56bfc062723c751e8b465ee728b)  -> (artifact id: '283a099898d7724014cb637ca0b8f349') in 0.009296 seconds
  Import took 0.013022 seconds .

========================================================================
Received Import Request.
  Time since last request: 13.702838 seconds.
  path: Assets/Art/Characters/Player/SpaceShip.png
  artifactKey: Guid(84f6e57498ebfab43bd0bb96e3687bc6) Importer(815301076,1909f56bfc062723c751e8b465ee728b)
Start importing Assets/Art/Characters/Player/SpaceShip.png using Guid(84f6e57498ebfab43bd0bb96e3687bc6) Importer(815301076,1909f56bfc062723c751e8b465ee728b)  -> (artifact id: 'e5976de079e64ffffd6e5998e172e9fe') in 0.160243 seconds
  Import took 0.163886 seconds .

========================================================================
Received Import Request.
  Time since last request: 6.168727 seconds.
  path: Assets/ad
  artifactKey: Guid(608080df207e80e4f8f50f705ba35832) Importer(815301076,1909f56bfc062723c751e8b465ee728b)
Start importing Assets/ad using Guid(608080df207e80e4f8f50f705ba35832) Importer(815301076,1909f56bfc062723c751e8b465ee728b)  -> (artifact id: 'f3ff5f090ad761de605bb0c5be1306b2') in 0.008265 seconds
  Import took 0.012053 seconds .

